2025-09-24 03:15:58 - INFO - Email sent successfully to coolluckyboy30@gmail.com
2025-09-24 03:16:01 - INFO - Email sent successfully to nrjsrm07@gmail.com
2025-09-24 03:16:04 - INFO - Email sent successfully to artigulia1123@gmail.com
2025-09-24 03:48:26 - ERROR - Failed to send email to coolluckyboy30@gmail.com: (535, b'5.7.8 Username and Password not accepted. For more information, go to\n5.7.8  https://support.google.com/mail/?p=BadCredentials d9443c01a7336-269803416a2sm172792985ad.134 - gsmtp')
2025-09-24 03:48:28 - ERROR - Failed to send email to nrjsrm07@gmail.com: (535, b'5.7.8 Username and Password not accepted. For more information, go to\n5.7.8  https://support.google.com/mail/?p=BadCredentials d9443c01a7336-2698016c081sm178013825ad.41 - gsmtp')
2025-09-24 03:48:30 - ERROR - Failed to send email to artigulia1123@gmail.com: (535, b'5.7.8 Username and Password not accepted. For more information, go to\n5.7.8  https://support.google.com/mail/?p=BadCredentials d9443c01a7336-26980053c88sm177392585ad.19 - gsmtp')
2025-09-24 04:01:25 - INFO - Email sent successfully to coolluckyboy30@gmail.com
2025-09-24 04:01:29 - INFO - Email sent successfully to nrjsrm07@gmail.com
2025-09-24 04:01:32 - INFO - Email sent successfully to artigulia1123@gmail.com
2025-09-24 04:10:52 - INFO - Email sent successfully to coolluckyboy30@gmail.com
2025-09-24 04:10:55 - INFO - Email sent successfully to nrjsrm07@gmail.com
2025-09-24 04:10:58 - INFO - Email sent successfully to artigulia1123@gmail.com
2025-09-24 04:33:33 - INFO - Email sent successfully to artigulia1123@gmail.com
2025-09-24 04:48:35 - INFO - Email sent successfully to artigulia1123@gmail.com
2025-09-24 04:50:36 - INFO - Email sent successfully to artigulia1123@gmail.com
2025-09-24 04:57:28 - INFO - Email sent successfully to coolluckyboy30@gmail.com
2025-09-24 04:57:31 - INFO - Email sent successfully to nrjsrm07@gmail.com
2025-09-24 04:57:34 - INFO - Email sent successfully to artigulia1123@gmail.com
2025-09-24 05:04:45 - INFO - Email sent successfully to coolluckyboy30@gmail.com
2025-09-24 05:04:49 - INFO - Email sent successfully to nrjsrm07@gmail.com
2025-09-24 05:04:52 - INFO - Email sent successfully to artigulia1123@gmail.com
2025-09-24 05:07:34 - INFO - Email sent successfully from codecorecomputercenter@gmail.com to coolluckyboy30@gmail.com
2025-09-24 05:07:37 - INFO - Email sent successfully from codecorecomputercenter@gmail.com to nrjsrm07@gmail.com
2025-09-24 05:07:40 - INFO - Email sent successfully from codecorecomputercenter@gmail.com to artigulia1123@gmail.com
2025-09-24 05:08:29 - INFO - Email sent successfully from artigulia23@gmail.com to coolluckyboy30@gmail.com
2025-09-24 05:08:33 - INFO - Email sent successfully from artigulia23@gmail.com to nrjsrm07@gmail.com
2025-09-24 05:08:36 - INFO - Email sent successfully from artigulia23@gmail.com to artigulia1123@gmail.com
2025-09-24 05:27:53 - INFO - Email sent successfully from artigulia23@gmail.com to coolluckyboy30@gmail.com
2025-09-24 05:27:56 - INFO - Email sent successfully from artigulia23@gmail.com to nrjsrm07@gmail.com
2025-09-24 05:28:00 - INFO - Email sent successfully from artigulia23@gmail.com to artigulia1123@gmail.com
